# tracer: nop
#
# entries-in-buffer/entries-written: 43/43   #P:4
#
#                              _-----=> irqs-off
#                             / _----=> need-resched
#                            | / _---=> hardirq/softirq
#                            || / _--=> preempt-depth
#                            ||| /     delay
#           TASK-PID   CPU#  ||||    TIMESTAMP  FUNCTION
#              | |       |   ||||       |         |
 qemu-system-x86-29923 [003] .... 1552715.615232: kvm_emulate_hypercall: From MY_HYPERCALL: unpopular path: file_name: 8714; line_num: 395
 qemu-system-x86-29923 [003] .... 1552715.645210: kvm_emulate_hypercall: From MY_HYPERCALL: unpopular path: file_name: 8714; line_num: 395
 qemu-system-x86-29923 [003] .... 1552715.864107: kvm_emulate_hypercall: From MY_HYPERCALL: unpopular path: file_name: 8714; line_num: 2916
 qemu-system-x86-29923 [003] .... 1552715.864112: kvm_emulate_hypercall: From MY_HYPERCALL: unpopular path: file_name: 8714; line_num: 2916
 qemu-system-x86-29923 [003] .... 1552716.546494: kvm_emulate_hypercall: From MY_HYPERCALL: unpopular path: file_name: 33292; line_num: 2089
 qemu-system-x86-29923 [003] .... 1552716.546497: kvm_emulate_hypercall: From MY_HYPERCALL: unpopular path: file_name: 33303; line_num: 386
 qemu-system-x86-29923 [003] .... 1552716.546501: kvm_emulate_hypercall: From MY_HYPERCALL: unpopular path: file_name: 33279; line_num: 650
 qemu-system-x86-29923 [003] .... 1552716.546503: kvm_emulate_hypercall: From MY_HYPERCALL: unpopular path: file_name: 33279; line_num: 1326
 qemu-system-x86-29923 [003] .... 1552716.546504: kvm_emulate_hypercall: From MY_HYPERCALL: unpopular path: file_name: 33279; line_num: 1329
 qemu-system-x86-29923 [003] .... 1552716.546505: kvm_emulate_hypercall: From MY_HYPERCALL: unpopular path: file_name: 33279; line_num: 1485
 qemu-system-x86-29923 [003] .... 1552716.546506: kvm_emulate_hypercall: From MY_HYPERCALL: unpopular path: file_name: 33279; line_num: 1488
 qemu-system-x86-29923 [003] .... 1552716.546513: kvm_emulate_hypercall: From MY_HYPERCALL: unpopular path: file_name: 33279; line_num: 1628
 qemu-system-x86-29923 [003] .... 1552716.546514: kvm_emulate_hypercall: From MY_HYPERCALL: unpopular path: file_name: 33279; line_num: 1326
 qemu-system-x86-29923 [003] .... 1552716.546515: kvm_emulate_hypercall: From MY_HYPERCALL: unpopular path: file_name: 33279; line_num: 1329
 qemu-system-x86-29923 [003] .... 1552716.546516: kvm_emulate_hypercall: From MY_HYPERCALL: unpopular path: file_name: 33279; line_num: 1640
 qemu-system-x86-29923 [003] .... 1552716.546520: kvm_emulate_hypercall: From MY_HYPERCALL: unpopular path: file_name: 33279; line_num: 1763
 qemu-system-x86-29923 [003] .... 1552716.546521: kvm_emulate_hypercall: From MY_HYPERCALL: unpopular path: file_name: 33279; line_num: 1699
 qemu-system-x86-29923 [003] .... 1552716.546522: kvm_emulate_hypercall: From MY_HYPERCALL: unpopular path: file_name: 33279; line_num: 1379
 qemu-system-x86-29923 [003] .... 1552716.546522: kvm_emulate_hypercall: From MY_HYPERCALL: unpopular path: file_name: 33279; line_num: 1397
 qemu-system-x86-29923 [003] .... 1552716.546523: kvm_emulate_hypercall: From MY_HYPERCALL: unpopular path: file_name: 33279; line_num: 1706
 qemu-system-x86-29923 [003] .... 1552716.546524: kvm_emulate_hypercall: From MY_HYPERCALL: unpopular path: file_name: 33279; line_num: 1785
 qemu-system-x86-29923 [003] .... 1552716.546525: kvm_emulate_hypercall: From MY_HYPERCALL: unpopular path: file_name: 33279; line_num: 1789
 qemu-system-x86-29923 [003] .... 1552716.546526: kvm_emulate_hypercall: From MY_HYPERCALL: unpopular path: file_name: 33279; line_num: 1792
 qemu-system-x86-29923 [003] .... 1552716.546589: kvm_emulate_hypercall: From MY_HYPERCALL: unpopular path: file_name: 33292; line_num: 2089
 qemu-system-x86-29923 [003] .... 1552716.546590: kvm_emulate_hypercall: From MY_HYPERCALL: unpopular path: file_name: 33303; line_num: 386
 qemu-system-x86-29923 [003] .... 1552716.546592: kvm_emulate_hypercall: From MY_HYPERCALL: unpopular path: file_name: 33279; line_num: 650
 qemu-system-x86-29923 [003] .... 1552716.546593: kvm_emulate_hypercall: From MY_HYPERCALL: unpopular path: file_name: 33279; line_num: 1326
 qemu-system-x86-29923 [003] .... 1552716.546594: kvm_emulate_hypercall: From MY_HYPERCALL: unpopular path: file_name: 33279; line_num: 1329
 qemu-system-x86-29923 [003] .... 1552716.546595: kvm_emulate_hypercall: From MY_HYPERCALL: unpopular path: file_name: 33279; line_num: 1485
 qemu-system-x86-29923 [003] .... 1552716.546600: kvm_emulate_hypercall: From MY_HYPERCALL: unpopular path: file_name: 33279; line_num: 1628
 qemu-system-x86-29923 [003] .... 1552716.546601: kvm_emulate_hypercall: From MY_HYPERCALL: unpopular path: file_name: 33279; line_num: 1326
 qemu-system-x86-29923 [003] .... 1552716.546602: kvm_emulate_hypercall: From MY_HYPERCALL: unpopular path: file_name: 33279; line_num: 1329
 qemu-system-x86-29923 [003] .... 1552716.546603: kvm_emulate_hypercall: From MY_HYPERCALL: unpopular path: file_name: 33279; line_num: 1640
 qemu-system-x86-29923 [003] .... 1552716.546606: kvm_emulate_hypercall: From MY_HYPERCALL: unpopular path: file_name: 33279; line_num: 1763
 qemu-system-x86-29923 [003] .... 1552716.546606: kvm_emulate_hypercall: From MY_HYPERCALL: unpopular path: file_name: 33279; line_num: 1699
 qemu-system-x86-29923 [003] .... 1552716.546607: kvm_emulate_hypercall: From MY_HYPERCALL: unpopular path: file_name: 33279; line_num: 1379
 qemu-system-x86-29923 [003] .... 1552716.546608: kvm_emulate_hypercall: From MY_HYPERCALL: unpopular path: file_name: 33279; line_num: 1397
 qemu-system-x86-29923 [003] .... 1552716.546609: kvm_emulate_hypercall: From MY_HYPERCALL: unpopular path: file_name: 33279; line_num: 1706
 qemu-system-x86-29923 [003] .... 1552716.546610: kvm_emulate_hypercall: From MY_HYPERCALL: unpopular path: file_name: 33279; line_num: 1785
 qemu-system-x86-29923 [003] .... 1552716.546610: kvm_emulate_hypercall: From MY_HYPERCALL: unpopular path: file_name: 33279; line_num: 1789
 qemu-system-x86-29923 [003] .... 1552716.546611: kvm_emulate_hypercall: From MY_HYPERCALL: unpopular path: file_name: 33279; line_num: 1792
 qemu-system-x86-29923 [000] .... 1552726.562825: kvm_emulate_hypercall: From MY_HYPERCALL: unpopular path: file_name: 33777; line_num: 2490
 qemu-system-x86-29923 [000] .... 1552731.584824: kvm_emulate_hypercall: From MY_HYPERCALL: unpopular path: file_name: 55532; line_num: 665
