# tracer: nop
#
# entries-in-buffer/entries-written: 39/39   #P:4
#
#                              _-----=> irqs-off
#                             / _----=> need-resched
#                            | / _---=> hardirq/softirq
#                            || / _--=> preempt-depth
#                            ||| /     delay
#           TASK-PID   CPU#  ||||    TIMESTAMP  FUNCTION
#              | |       |   ||||       |         |
 qemu-system-x86-12220 [000] .... 534356.416859: kvm_emulate_hypercall: From MY_HYPERCALL: unpopular path: file_name: 33292; line_num: 2089
 qemu-system-x86-12220 [000] .... 534356.416863: kvm_emulate_hypercall: From MY_HYPERCALL: unpopular path: file_name: 33303; line_num: 386
 qemu-system-x86-12220 [000] .... 534356.416868: kvm_emulate_hypercall: From MY_HYPERCALL: unpopular path: file_name: 33279; line_num: 650
 qemu-system-x86-12220 [000] .... 534356.416870: kvm_emulate_hypercall: From MY_HYPERCALL: unpopular path: file_name: 33279; line_num: 1326
 qemu-system-x86-12220 [000] .... 534356.416871: kvm_emulate_hypercall: From MY_HYPERCALL: unpopular path: file_name: 33279; line_num: 1329
 qemu-system-x86-12220 [000] .... 534356.416872: kvm_emulate_hypercall: From MY_HYPERCALL: unpopular path: file_name: 33279; line_num: 1485
 qemu-system-x86-12220 [000] .... 534356.416873: kvm_emulate_hypercall: From MY_HYPERCALL: unpopular path: file_name: 33279; line_num: 1488
 qemu-system-x86-12220 [000] .... 534356.416892: kvm_emulate_hypercall: From MY_HYPERCALL: unpopular path: file_name: 33279; line_num: 1628
 qemu-system-x86-12220 [000] .... 534356.416893: kvm_emulate_hypercall: From MY_HYPERCALL: unpopular path: file_name: 33279; line_num: 1326
 qemu-system-x86-12220 [000] .... 534356.416894: kvm_emulate_hypercall: From MY_HYPERCALL: unpopular path: file_name: 33279; line_num: 1329
 qemu-system-x86-12220 [000] .... 534356.416895: kvm_emulate_hypercall: From MY_HYPERCALL: unpopular path: file_name: 33279; line_num: 1640
 qemu-system-x86-12220 [000] .... 534356.416898: kvm_emulate_hypercall: From MY_HYPERCALL: unpopular path: file_name: 33279; line_num: 1763
 qemu-system-x86-12220 [000] .... 534356.416899: kvm_emulate_hypercall: From MY_HYPERCALL: unpopular path: file_name: 33279; line_num: 1699
 qemu-system-x86-12220 [000] .... 534356.416900: kvm_emulate_hypercall: From MY_HYPERCALL: unpopular path: file_name: 33279; line_num: 1379
 qemu-system-x86-12220 [000] .... 534356.416901: kvm_emulate_hypercall: From MY_HYPERCALL: unpopular path: file_name: 33279; line_num: 1397
 qemu-system-x86-12220 [000] .... 534356.416902: kvm_emulate_hypercall: From MY_HYPERCALL: unpopular path: file_name: 33279; line_num: 1706
 qemu-system-x86-12220 [000] .... 534356.416902: kvm_emulate_hypercall: From MY_HYPERCALL: unpopular path: file_name: 33279; line_num: 1785
 qemu-system-x86-12220 [000] .... 534356.416903: kvm_emulate_hypercall: From MY_HYPERCALL: unpopular path: file_name: 33279; line_num: 1789
 qemu-system-x86-12220 [000] .... 534356.416904: kvm_emulate_hypercall: From MY_HYPERCALL: unpopular path: file_name: 33279; line_num: 1792
 qemu-system-x86-12220 [000] .... 534356.416986: kvm_emulate_hypercall: From MY_HYPERCALL: unpopular path: file_name: 33292; line_num: 2089
 qemu-system-x86-12220 [000] .... 534356.416988: kvm_emulate_hypercall: From MY_HYPERCALL: unpopular path: file_name: 33303; line_num: 386
 qemu-system-x86-12220 [000] .... 534356.416989: kvm_emulate_hypercall: From MY_HYPERCALL: unpopular path: file_name: 33279; line_num: 650
 qemu-system-x86-12220 [000] .... 534356.416991: kvm_emulate_hypercall: From MY_HYPERCALL: unpopular path: file_name: 33279; line_num: 1326
 qemu-system-x86-12220 [000] .... 534356.416992: kvm_emulate_hypercall: From MY_HYPERCALL: unpopular path: file_name: 33279; line_num: 1329
 qemu-system-x86-12220 [000] .... 534356.416993: kvm_emulate_hypercall: From MY_HYPERCALL: unpopular path: file_name: 33279; line_num: 1485
 qemu-system-x86-12220 [000] .... 534356.417007: kvm_emulate_hypercall: From MY_HYPERCALL: unpopular path: file_name: 33279; line_num: 1628
 qemu-system-x86-12220 [000] .... 534356.417008: kvm_emulate_hypercall: From MY_HYPERCALL: unpopular path: file_name: 33279; line_num: 1326
 qemu-system-x86-12220 [000] .... 534356.417009: kvm_emulate_hypercall: From MY_HYPERCALL: unpopular path: file_name: 33279; line_num: 1329
 qemu-system-x86-12220 [000] .... 534356.417010: kvm_emulate_hypercall: From MY_HYPERCALL: unpopular path: file_name: 33279; line_num: 1640
 qemu-system-x86-12220 [000] .... 534356.417012: kvm_emulate_hypercall: From MY_HYPERCALL: unpopular path: file_name: 33279; line_num: 1763
 qemu-system-x86-12220 [000] .... 534356.417013: kvm_emulate_hypercall: From MY_HYPERCALL: unpopular path: file_name: 33279; line_num: 1699
 qemu-system-x86-12220 [000] .... 534356.417014: kvm_emulate_hypercall: From MY_HYPERCALL: unpopular path: file_name: 33279; line_num: 1379
 qemu-system-x86-12220 [000] .... 534356.417015: kvm_emulate_hypercall: From MY_HYPERCALL: unpopular path: file_name: 33279; line_num: 1397
 qemu-system-x86-12220 [000] .... 534356.417016: kvm_emulate_hypercall: From MY_HYPERCALL: unpopular path: file_name: 33279; line_num: 1706
 qemu-system-x86-12220 [000] .... 534356.417016: kvm_emulate_hypercall: From MY_HYPERCALL: unpopular path: file_name: 33279; line_num: 1785
 qemu-system-x86-12220 [000] .... 534356.417017: kvm_emulate_hypercall: From MY_HYPERCALL: unpopular path: file_name: 33279; line_num: 1789
 qemu-system-x86-12220 [000] .... 534356.417018: kvm_emulate_hypercall: From MY_HYPERCALL: unpopular path: file_name: 33279; line_num: 1792
 qemu-system-x86-12220 [000] .... 534366.428869: kvm_emulate_hypercall: From MY_HYPERCALL: unpopular path: file_name: 33777; line_num: 2490
 qemu-system-x86-12220 [000] .... 534371.451454: kvm_emulate_hypercall: From MY_HYPERCALL: unpopular path: file_name: 55532; line_num: 665
