# tracer: nop
#
# entries-in-buffer/entries-written: 38/38   #P:4
#
#                              _-----=> irqs-off
#                             / _----=> need-resched
#                            | / _---=> hardirq/softirq
#                            || / _--=> preempt-depth
#                            ||| /     delay
#           TASK-PID   CPU#  ||||    TIMESTAMP  FUNCTION
#              | |       |   ||||       |         |
 qemu-system-x86-9767  [001] .... 1221940.710356: kvm_emulate_hypercall: From MY_HYPERCALL: unpopular path: file_name: 33292; line_num: 2089
 qemu-system-x86-9767  [001] .... 1221940.710359: kvm_emulate_hypercall: From MY_HYPERCALL: unpopular path: file_name: 33303; line_num: 386
 qemu-system-x86-9767  [001] .... 1221940.710363: kvm_emulate_hypercall: From MY_HYPERCALL: unpopular path: file_name: 33279; line_num: 650
 qemu-system-x86-9767  [001] .... 1221940.710365: kvm_emulate_hypercall: From MY_HYPERCALL: unpopular path: file_name: 33279; line_num: 1326
 qemu-system-x86-9767  [001] .... 1221940.710366: kvm_emulate_hypercall: From MY_HYPERCALL: unpopular path: file_name: 33279; line_num: 1329
 qemu-system-x86-9767  [001] .... 1221940.710367: kvm_emulate_hypercall: From MY_HYPERCALL: unpopular path: file_name: 33279; line_num: 1485
 qemu-system-x86-9767  [001] .... 1221940.710368: kvm_emulate_hypercall: From MY_HYPERCALL: unpopular path: file_name: 33279; line_num: 1488
 qemu-system-x86-9767  [001] .... 1221940.710385: kvm_emulate_hypercall: From MY_HYPERCALL: unpopular path: file_name: 33279; line_num: 1628
 qemu-system-x86-9767  [001] .... 1221940.710386: kvm_emulate_hypercall: From MY_HYPERCALL: unpopular path: file_name: 33279; line_num: 1326
 qemu-system-x86-9767  [001] .... 1221940.710387: kvm_emulate_hypercall: From MY_HYPERCALL: unpopular path: file_name: 33279; line_num: 1329
 qemu-system-x86-9767  [001] .... 1221940.710387: kvm_emulate_hypercall: From MY_HYPERCALL: unpopular path: file_name: 33279; line_num: 1640
 qemu-system-x86-9767  [001] .... 1221940.710390: kvm_emulate_hypercall: From MY_HYPERCALL: unpopular path: file_name: 33279; line_num: 1763
 qemu-system-x86-9767  [001] .... 1221940.710391: kvm_emulate_hypercall: From MY_HYPERCALL: unpopular path: file_name: 33279; line_num: 1699
 qemu-system-x86-9767  [001] .... 1221940.710392: kvm_emulate_hypercall: From MY_HYPERCALL: unpopular path: file_name: 33279; line_num: 1379
 qemu-system-x86-9767  [001] .... 1221940.710393: kvm_emulate_hypercall: From MY_HYPERCALL: unpopular path: file_name: 33279; line_num: 1397
 qemu-system-x86-9767  [001] .... 1221940.710394: kvm_emulate_hypercall: From MY_HYPERCALL: unpopular path: file_name: 33279; line_num: 1706
 qemu-system-x86-9767  [001] .... 1221940.710395: kvm_emulate_hypercall: From MY_HYPERCALL: unpopular path: file_name: 33279; line_num: 1785
 qemu-system-x86-9767  [001] .... 1221940.710396: kvm_emulate_hypercall: From MY_HYPERCALL: unpopular path: file_name: 33279; line_num: 1789
 qemu-system-x86-9767  [001] .... 1221940.710396: kvm_emulate_hypercall: From MY_HYPERCALL: unpopular path: file_name: 33279; line_num: 1792
 qemu-system-x86-9767  [001] .... 1221940.710473: kvm_emulate_hypercall: From MY_HYPERCALL: unpopular path: file_name: 33292; line_num: 2089
 qemu-system-x86-9767  [001] .... 1221940.710475: kvm_emulate_hypercall: From MY_HYPERCALL: unpopular path: file_name: 33303; line_num: 386
 qemu-system-x86-9767  [001] .... 1221940.710476: kvm_emulate_hypercall: From MY_HYPERCALL: unpopular path: file_name: 33279; line_num: 650
 qemu-system-x86-9767  [001] .... 1221940.710478: kvm_emulate_hypercall: From MY_HYPERCALL: unpopular path: file_name: 33279; line_num: 1326
 qemu-system-x86-9767  [001] .... 1221940.710479: kvm_emulate_hypercall: From MY_HYPERCALL: unpopular path: file_name: 33279; line_num: 1329
 qemu-system-x86-9767  [001] .... 1221940.710479: kvm_emulate_hypercall: From MY_HYPERCALL: unpopular path: file_name: 33279; line_num: 1485
 qemu-system-x86-9767  [001] .... 1221940.710493: kvm_emulate_hypercall: From MY_HYPERCALL: unpopular path: file_name: 33279; line_num: 1628
 qemu-system-x86-9767  [001] .... 1221940.710494: kvm_emulate_hypercall: From MY_HYPERCALL: unpopular path: file_name: 33279; line_num: 1326
 qemu-system-x86-9767  [001] .... 1221940.710495: kvm_emulate_hypercall: From MY_HYPERCALL: unpopular path: file_name: 33279; line_num: 1329
 qemu-system-x86-9767  [001] .... 1221940.710496: kvm_emulate_hypercall: From MY_HYPERCALL: unpopular path: file_name: 33279; line_num: 1640
 qemu-system-x86-9767  [001] .... 1221940.710499: kvm_emulate_hypercall: From MY_HYPERCALL: unpopular path: file_name: 33279; line_num: 1763
 qemu-system-x86-9767  [001] .... 1221940.710499: kvm_emulate_hypercall: From MY_HYPERCALL: unpopular path: file_name: 33279; line_num: 1699
 qemu-system-x86-9767  [001] .... 1221940.710500: kvm_emulate_hypercall: From MY_HYPERCALL: unpopular path: file_name: 33279; line_num: 1379
 qemu-system-x86-9767  [001] .... 1221940.710501: kvm_emulate_hypercall: From MY_HYPERCALL: unpopular path: file_name: 33279; line_num: 1397
 qemu-system-x86-9767  [001] .... 1221940.710502: kvm_emulate_hypercall: From MY_HYPERCALL: unpopular path: file_name: 33279; line_num: 1706
 qemu-system-x86-9767  [001] .... 1221940.710503: kvm_emulate_hypercall: From MY_HYPERCALL: unpopular path: file_name: 33279; line_num: 1785
 qemu-system-x86-9767  [001] .... 1221940.710503: kvm_emulate_hypercall: From MY_HYPERCALL: unpopular path: file_name: 33279; line_num: 1789
 qemu-system-x86-9767  [001] .... 1221940.710504: kvm_emulate_hypercall: From MY_HYPERCALL: unpopular path: file_name: 33279; line_num: 1792
 qemu-system-x86-9767  [002] .... 1221950.735838: kvm_emulate_hypercall: From MY_HYPERCALL: unpopular path: file_name: 33777; line_num: 2490
