# tracer: nop
#
# entries-in-buffer/entries-written: 37/37   #P:4
#
#                              _-----=> irqs-off
#                             / _----=> need-resched
#                            | / _---=> hardirq/softirq
#                            || / _--=> preempt-depth
#                            ||| /     delay
#           TASK-PID   CPU#  ||||    TIMESTAMP  FUNCTION
#              | |       |   ||||       |         |
 qemu-system-x86-8938  [003] .... 1220222.558451: kvm_emulate_hypercall: From MY_HYPERCALL: unpopular path: file_name: 33292; line_num: 2089
 qemu-system-x86-8938  [003] .... 1220222.558455: kvm_emulate_hypercall: From MY_HYPERCALL: unpopular path: file_name: 33303; line_num: 386
 qemu-system-x86-8938  [003] .... 1220222.558459: kvm_emulate_hypercall: From MY_HYPERCALL: unpopular path: file_name: 33279; line_num: 650
 qemu-system-x86-8938  [003] .... 1220222.558461: kvm_emulate_hypercall: From MY_HYPERCALL: unpopular path: file_name: 33279; line_num: 1326
 qemu-system-x86-8938  [003] .... 1220222.558462: kvm_emulate_hypercall: From MY_HYPERCALL: unpopular path: file_name: 33279; line_num: 1329
 qemu-system-x86-8938  [003] .... 1220222.558462: kvm_emulate_hypercall: From MY_HYPERCALL: unpopular path: file_name: 33279; line_num: 1485
 qemu-system-x86-8938  [003] .... 1220222.558463: kvm_emulate_hypercall: From MY_HYPERCALL: unpopular path: file_name: 33279; line_num: 1488
 qemu-system-x86-8938  [003] .... 1220222.558479: kvm_emulate_hypercall: From MY_HYPERCALL: unpopular path: file_name: 33279; line_num: 1628
 qemu-system-x86-8938  [003] .... 1220222.558480: kvm_emulate_hypercall: From MY_HYPERCALL: unpopular path: file_name: 33279; line_num: 1326
 qemu-system-x86-8938  [003] .... 1220222.558481: kvm_emulate_hypercall: From MY_HYPERCALL: unpopular path: file_name: 33279; line_num: 1329
 qemu-system-x86-8938  [003] .... 1220222.558482: kvm_emulate_hypercall: From MY_HYPERCALL: unpopular path: file_name: 33279; line_num: 1640
 qemu-system-x86-8938  [003] .... 1220222.558485: kvm_emulate_hypercall: From MY_HYPERCALL: unpopular path: file_name: 33279; line_num: 1763
 qemu-system-x86-8938  [003] .... 1220222.558485: kvm_emulate_hypercall: From MY_HYPERCALL: unpopular path: file_name: 33279; line_num: 1699
 qemu-system-x86-8938  [003] .... 1220222.558486: kvm_emulate_hypercall: From MY_HYPERCALL: unpopular path: file_name: 33279; line_num: 1379
 qemu-system-x86-8938  [003] .... 1220222.558487: kvm_emulate_hypercall: From MY_HYPERCALL: unpopular path: file_name: 33279; line_num: 1397
 qemu-system-x86-8938  [003] .... 1220222.558488: kvm_emulate_hypercall: From MY_HYPERCALL: unpopular path: file_name: 33279; line_num: 1706
 qemu-system-x86-8938  [003] .... 1220222.558489: kvm_emulate_hypercall: From MY_HYPERCALL: unpopular path: file_name: 33279; line_num: 1785
 qemu-system-x86-8938  [003] .... 1220222.558490: kvm_emulate_hypercall: From MY_HYPERCALL: unpopular path: file_name: 33279; line_num: 1789
 qemu-system-x86-8938  [003] .... 1220222.558490: kvm_emulate_hypercall: From MY_HYPERCALL: unpopular path: file_name: 33279; line_num: 1792
 qemu-system-x86-8938  [003] .... 1220222.558568: kvm_emulate_hypercall: From MY_HYPERCALL: unpopular path: file_name: 33292; line_num: 2089
 qemu-system-x86-8938  [003] .... 1220222.558569: kvm_emulate_hypercall: From MY_HYPERCALL: unpopular path: file_name: 33303; line_num: 386
 qemu-system-x86-8938  [003] .... 1220222.558571: kvm_emulate_hypercall: From MY_HYPERCALL: unpopular path: file_name: 33279; line_num: 650
 qemu-system-x86-8938  [003] .... 1220222.558573: kvm_emulate_hypercall: From MY_HYPERCALL: unpopular path: file_name: 33279; line_num: 1326
 qemu-system-x86-8938  [003] .... 1220222.558573: kvm_emulate_hypercall: From MY_HYPERCALL: unpopular path: file_name: 33279; line_num: 1329
 qemu-system-x86-8938  [003] .... 1220222.558574: kvm_emulate_hypercall: From MY_HYPERCALL: unpopular path: file_name: 33279; line_num: 1485
 qemu-system-x86-8938  [003] .... 1220222.558588: kvm_emulate_hypercall: From MY_HYPERCALL: unpopular path: file_name: 33279; line_num: 1628
 qemu-system-x86-8938  [003] .... 1220222.558589: kvm_emulate_hypercall: From MY_HYPERCALL: unpopular path: file_name: 33279; line_num: 1326
 qemu-system-x86-8938  [003] .... 1220222.558590: kvm_emulate_hypercall: From MY_HYPERCALL: unpopular path: file_name: 33279; line_num: 1329
 qemu-system-x86-8938  [003] .... 1220222.558591: kvm_emulate_hypercall: From MY_HYPERCALL: unpopular path: file_name: 33279; line_num: 1640
 qemu-system-x86-8938  [003] .... 1220222.558594: kvm_emulate_hypercall: From MY_HYPERCALL: unpopular path: file_name: 33279; line_num: 1763
 qemu-system-x86-8938  [003] .... 1220222.558594: kvm_emulate_hypercall: From MY_HYPERCALL: unpopular path: file_name: 33279; line_num: 1699
 qemu-system-x86-8938  [003] .... 1220222.558595: kvm_emulate_hypercall: From MY_HYPERCALL: unpopular path: file_name: 33279; line_num: 1379
 qemu-system-x86-8938  [003] .... 1220222.558596: kvm_emulate_hypercall: From MY_HYPERCALL: unpopular path: file_name: 33279; line_num: 1397
 qemu-system-x86-8938  [003] .... 1220222.558597: kvm_emulate_hypercall: From MY_HYPERCALL: unpopular path: file_name: 33279; line_num: 1706
 qemu-system-x86-8938  [003] .... 1220222.558598: kvm_emulate_hypercall: From MY_HYPERCALL: unpopular path: file_name: 33279; line_num: 1785
 qemu-system-x86-8938  [003] .... 1220222.558598: kvm_emulate_hypercall: From MY_HYPERCALL: unpopular path: file_name: 33279; line_num: 1789
 qemu-system-x86-8938  [003] .... 1220222.558599: kvm_emulate_hypercall: From MY_HYPERCALL: unpopular path: file_name: 33279; line_num: 1792
